-----HOW IT ACTUALY LOOK-----
All cards [
ID:  3  0 Sold  false uni  107 d? [SNN] rgb[260 126 290] F[  2   4   5] B[  5   5   2]
ID:  5  1 Sold  false uni  364 d? [SNN] rgb[260 187  93] F[  2   2   3] B[  5   4   5]
ID:  7  2 Sold  false uni  242 d? [SNN] rgb[317 331 261] F[  3   3   0] B[  0   1   4]
ID:  9  3 Sold  false uni  407 d? [NNN] rgb[ 87  30  98] F[  5   5   4] B[  2   2   1]
ID: 11  4 Sold  false uni  224 d? [SNN] rgb[317 127 251] F[  3   1   2] B[  0   0   3]
ID: 13  5 Sold  false uni  432 d? [NNN] rgb[120  57 298] F[  0   0   1] B[  3   3   0]
] left? 6
All cards [
ID:  3  0 Sold   true uni  107 d? [SNN] rgb[260 126 290] F[  2   4   5] B[  5   5   2]
ID:  5  1 Sold  false uni  561 d? [NNN] rgb[260 187  93] F[  2   2   3] B[  5   4   5]
ID:  7  2 Sold  false uni  250 d? [SNN] rgb[317 331 261] F[  3   3   5] B[  1   1   4]
ID:  9  3 Sold  false uni  407 d? [NNN] rgb[ 87  30  98] F[  5   5   4] B[  2   2   1]
ID: 11  4 Sold  false uni  293 d? [SNN] rgb[317 127 251] F[  3   1   2] B[  0   5   3]
ID: 13  5 Sold  false uni  462 d? [NNN] rgb[120  57 298] F[  1   4   1] B[  3   3   2]
] left? 5
All cards [
ID:  3  0 Sold   true uni  107 d? [SNN] rgb[260 126 290] F[  2   4   5] B[  5   5   2]
ID:  5  1 Sold  false uni  620 d? [NNN] rgb[260 187  93] F[  4   3   3] B[  5   4   5]
ID:  7  2 Sold   true uni  250 d? [SNN] rgb[317 331 261] F[  3   3   5] B[  1   1   4]
ID:  9  3 Sold  false uni  551 d? [NNN] rgb[ 87  30  98] F[  5   5   4] B[  4   1   1]
ID: 11  4 Sold  false uni  517 d? [NNN] rgb[317 127 251] F[  3   1   5] B[  0   5   3]
ID: 13  5 Sold  false uni  472 d? [NNN] rgb[120  57 298] F[  1   4   1] B[  3   3   4]
] left? 4
All cards [
ID:  3  0 Sold   true uni  107 d? [SNN] rgb[260 126 290] F[  2   4   5] B[  5   5   2]
ID:  5  1 Sold  false uni  700 d? [NNN] rgb[260 187  93] F[  4   3   3] B[  3   4   4]
ID:  7  2 Sold   true uni  250 d? [SNN] rgb[317 331 261] F[  3   3   5] B[  1   1   4]
ID:  9  3 Sold  false uni  761 d? [NNN] rgb[ 87  30  98] F[  1   4   4] B[  4   1   1]
ID: 11  4 Sold  false uni  699 d? [NNN] rgb[317 127 251] F[  3   1   1] B[  0   3   3]
ID: 13  5 Sold   true uni  472 d? [NNN] rgb[120  57 298] F[  1   4   1] B[  3   3   4]
] left? 3
All cards [
ID:  3  0 Sold   true uni  107 d? [SNN] rgb[260 126 290] F[  3   4   5] B[  5   5   2]
ID:  5  1 Sold  false uni  950 d? [NNN] rgb[260 187  93] F[  3   3   3] B[  3   3   3]
ID:  7  2 Sold   true uni  250 d? [SNN] rgb[317 331 261] F[  3   3   5] B[  1   1   4]
ID:  9  3 Sold  false uni 1080 d? [NNN] rgb[ 87  30  98] F[  1   1   1] B[  0   1   1]
ID: 11  4 Sold   true uni  699 d? [NNN] rgb[317 127 251] F[  3   1   1] B[  0   3   3]
ID: 13  5 Sold   true uni  472 d? [NNN] rgb[120  57 298] F[  1   4   1] B[  3   3   4]
] left? 2
Result
3
7
13
11
5
9